<?xml version="1.0" encoding="UTF-8"?>
<!-- Generated by org.testng.reporters.JUnitReportReporter -->
<testsuite skipped="0" hostname="Deepti-PC" name="com.elc.qa.testcases.MyWishlistPageTest" tests="4" failures="0" timestamp="28 Sep 2018 18:15:26 GMT" time="224.479" errors="0">
  <testcase name="enterTextinNameFieldTest" time="59.759" classname="com.elc.qa.testcases.MyWishlistPageTest"/>
  <testcase name="enterTextinNameFieldTest" time="57.629" classname="com.elc.qa.testcases.MyWishlistPageTest"/>
  <testcase name="enterTextinNameFieldTest" time="51.847" classname="com.elc.qa.testcases.MyWishlistPageTest"/>
  <testcase name="enterTextinNameFieldTest" time="55.244" classname="com.elc.qa.testcases.MyWishlistPageTest"/>
</testsuite> <!-- com.elc.qa.testcases.MyWishlistPageTest -->
