<?xml version="1.0" encoding="UTF-8"?>
<!-- Generated by org.testng.reporters.JUnitReportReporter -->
<testsuite skipped="0" hostname="Deepti-PC" name="com.elc.qa.testcases.WomenPageTest" tests="4" failures="0" timestamp="28 Sep 2018 05:50:15 GMT" time="211.435" errors="0">
  <testcase name="topLinkVerifyTest" time="46.988" classname="com.elc.qa.testcases.WomenPageTest"/>
  <testcase name="priceRangeMouseHoverTest" time="59.887" classname="com.elc.qa.testcases.WomenPageTest"/>
  <testcase name="cottonCheckBoxTest" time="44.740" classname="com.elc.qa.testcases.WomenPageTest"/>
  <testcase name="casualChechBoxTest" time="59.820" classname="com.elc.qa.testcases.WomenPageTest"/>
</testsuite> <!-- com.elc.qa.testcases.WomenPageTest -->
