<?xml version="1.0" encoding="UTF-8"?>
<!-- Generated by org.testng.reporters.JUnitReportReporter -->
<testsuite skipped="0" hostname="Deepti-PC" name="com.elc.qa.testcases.AddtocartPageTest" tests="1" failures="0" timestamp="29 Sep 2018 13:33:15 GMT" time="86.405" errors="0">
  <testcase name="mouseHoverOnProductTest" time="86.405" classname="com.elc.qa.testcases.AddtocartPageTest"/>
</testsuite> <!-- com.elc.qa.testcases.AddtocartPageTest -->
