<?xml version="1.0" encoding="UTF-8"?>
<!-- Generated by org.testng.reporters.JUnitReportReporter -->
<testsuite skipped="0" hostname="Deepti-PC" name="com.elc.qa.testcases.HomePageTest" tests="5" failures="0" timestamp="01 Oct 2018 07:56:42 GMT" time="191.622" errors="0">
  <testcase name="verifyHomePageTitleTest" time="28.963" classname="com.elc.qa.testcases.HomePageTest"/>
  <testcase name="searchTextTest" time="38.429" classname="com.elc.qa.testcases.HomePageTest"/>
  <testcase name="orderHistoryTest" time="50.850" classname="com.elc.qa.testcases.HomePageTest"/>
  <testcase name="shoppingCartSummaryTest" time="38.579" classname="com.elc.qa.testcases.HomePageTest"/>
  <testcase name="womenPageTest" time="34.801" classname="com.elc.qa.testcases.HomePageTest"/>
</testsuite> <!-- com.elc.qa.testcases.HomePageTest -->
