<?xml version="1.0" encoding="UTF-8"?>
<!-- Generated by org.testng.reporters.JUnitReportReporter -->
<testsuite skipped="0" hostname="Deepti-PC" name="com.elc.qa.testcases.SignupPageTest" tests="1" failures="0" timestamp="29 Sep 2018 13:33:15 GMT" time="77.290" errors="0">
  <testcase name="SignUpBtnTest" time="77.290" classname="com.elc.qa.testcases.SignupPageTest"/>
</testsuite> <!-- com.elc.qa.testcases.SignupPageTest -->
