<?xml version="1.0" encoding="UTF-8"?>
<!-- Generated by org.testng.reporters.JUnitReportReporter -->
<testsuite skipped="0" hostname="Deepti-PC" name="com.elc.qa.testcases.LoginPageTest" tests="3" failures="0" timestamp="01 Oct 2018 07:56:42 GMT" time="144.307" errors="0">
  <testcase name="verifyTitleTest" time="45.241" classname="com.elc.qa.testcases.LoginPageTest"/>
  <testcase name="imageDisplayedTest" time="39.083" classname="com.elc.qa.testcases.LoginPageTest"/>
  <testcase name="loginPageTest" time="59.983" classname="com.elc.qa.testcases.LoginPageTest"/>
</testsuite> <!-- com.elc.qa.testcases.LoginPageTest -->
