<?xml version="1.0" encoding="UTF-8"?>
<!-- Generated by org.testng.reporters.JUnitReportReporter -->
<testsuite skipped="0" hostname="Deepti-PC" name="com.elc.qa.testcases.SignupPageTest" tests="1" failures="0" timestamp="02 Oct 2018 04:45:47 GMT" time="38.386" errors="0">
  <testcase name="SignUpBtnTest" time="38.386" classname="com.elc.qa.testcases.SignupPageTest"/>
</testsuite> <!-- com.elc.qa.testcases.SignupPageTest -->
