<?xml version="1.0" encoding="UTF-8"?>
<!-- Generated by org.testng.reporters.JUnitReportReporter -->
<testsuite skipped="0" hostname="Deepti-PC" name="com.elc.qa.testcases.MyWishlistPageTest" tests="4" failures="0" timestamp="02 Oct 2018 04:45:47 GMT" time="140.706" errors="0">
  <testcase name="enterTextinNameFieldTest" time="32.801" classname="com.elc.qa.testcases.MyWishlistPageTest"/>
  <testcase name="enterTextinNameFieldTest" time="33.078" classname="com.elc.qa.testcases.MyWishlistPageTest"/>
  <testcase name="enterTextinNameFieldTest" time="36.572" classname="com.elc.qa.testcases.MyWishlistPageTest"/>
  <testcase name="enterTextinNameFieldTest" time="38.255" classname="com.elc.qa.testcases.MyWishlistPageTest"/>
</testsuite> <!-- com.elc.qa.testcases.MyWishlistPageTest -->
